{"/Users/mac/Documents/NodeJSProject/TakeHomeAssesment/listener.js": {"path":"/Users/mac/Documents/NodeJSProject/TakeHomeAssesment/listener.js","statementMap":{"0":{"start":{"line":2,"column":26},"end":{"line":2,"column":53}},"1":{"start":{"line":3,"column":26},"end":{"line":3,"column":51}},"2":{"start":{"line":4,"column":26},"end":{"line":4,"column":56}},"3":{"start":{"line":5,"column":26},"end":{"line":5,"column":34}},"4":{"start":{"line":6,"column":26},"end":{"line":6,"column":35}},"5":{"start":{"line":7,"column":26},"end":{"line":7,"column":48}},"6":{"start":{"line":9,"column":26},"end":{"line":9,"column":28}},"7":{"start":{"line":10,"column":26},"end":{"line":10,"column":28}},"8":{"start":{"line":11,"column":26},"end":{"line":11,"column":28}},"9":{"start":{"line":12,"column":26},"end":{"line":12,"column":30}},"10":{"start":{"line":14,"column":25},"end":{"line":25,"column":2}},"11":{"start":{"line":27,"column":0},"end":{"line":49,"column":3}},"12":{"start":{"line":28,"column":4},"end":{"line":47,"column":7}},"13":{"start":{"line":29,"column":8},"end":{"line":46,"column":9}},"14":{"start":{"line":30,"column":12},"end":{"line":30,"column":36}},"15":{"start":{"line":31,"column":12},"end":{"line":31,"column":37}},"16":{"start":{"line":33,"column":12},"end":{"line":34,"column":27}},"17":{"start":{"line":34,"column":16},"end":{"line":34,"column":27}},"18":{"start":{"line":36,"column":12},"end":{"line":37,"column":31}},"19":{"start":{"line":37,"column":16},"end":{"line":37,"column":31}},"20":{"start":{"line":39,"column":12},"end":{"line":40,"column":27}},"21":{"start":{"line":40,"column":16},"end":{"line":40,"column":27}},"22":{"start":{"line":42,"column":12},"end":{"line":42,"column":33}},"23":{"start":{"line":45,"column":12},"end":{"line":45,"column":33}},"24":{"start":{"line":52,"column":22},"end":{"line":52,"column":27}},"25":{"start":{"line":54,"column":4},"end":{"line":61,"column":5}},"26":{"start":{"line":54,"column":15},"end":{"line":54,"column":39}},"27":{"start":{"line":55,"column":8},"end":{"line":60,"column":9}},"28":{"start":{"line":56,"column":12},"end":{"line":56,"column":37}},"29":{"start":{"line":57,"column":12},"end":{"line":57,"column":39}},"30":{"start":{"line":58,"column":12},"end":{"line":58,"column":36}},"31":{"start":{"line":59,"column":12},"end":{"line":59,"column":18}},"32":{"start":{"line":63,"column":4},"end":{"line":68,"column":5}},"33":{"start":{"line":64,"column":8},"end":{"line":64,"column":32}},"34":{"start":{"line":67,"column":8},"end":{"line":67,"column":32}},"35":{"start":{"line":73,"column":4},"end":{"line":75,"column":5}},"36":{"start":{"line":74,"column":8},"end":{"line":74,"column":82}},"37":{"start":{"line":80,"column":4},"end":{"line":82,"column":5}},"38":{"start":{"line":81,"column":8},"end":{"line":81,"column":101}},"39":{"start":{"line":87,"column":4},"end":{"line":91,"column":5}},"40":{"start":{"line":88,"column":8},"end":{"line":88,"column":77}},"41":{"start":{"line":89,"column":8},"end":{"line":89,"column":39}},"42":{"start":{"line":90,"column":8},"end":{"line":90,"column":33}},"43":{"start":{"line":96,"column":4},"end":{"line":108,"column":5}},"44":{"start":{"line":97,"column":8},"end":{"line":97,"column":47}},"45":{"start":{"line":98,"column":8},"end":{"line":103,"column":9}},"46":{"start":{"line":99,"column":12},"end":{"line":99,"column":51}},"47":{"start":{"line":102,"column":12},"end":{"line":102,"column":76}},"48":{"start":{"line":104,"column":8},"end":{"line":104,"column":17}},"49":{"start":{"line":107,"column":8},"end":{"line":107,"column":29}},"50":{"start":{"line":113,"column":4},"end":{"line":118,"column":5}},"51":{"start":{"line":114,"column":8},"end":{"line":114,"column":20}},"52":{"start":{"line":117,"column":8},"end":{"line":117,"column":21}},"53":{"start":{"line":122,"column":0},"end":{"line":122,"column":33}}},"fnMap":{"0":{"name":"(anonymous_0)","decl":{"start":{"line":27,"column":18},"end":{"line":27,"column":19}},"loc":{"start":{"line":27,"column":25},"end":{"line":49,"column":1}},"line":27},"1":{"name":"(anonymous_1)","decl":{"start":{"line":28,"column":17},"end":{"line":28,"column":18}},"loc":{"start":{"line":28,"column":30},"end":{"line":47,"column":5}},"line":28},"2":{"name":"setState","decl":{"start":{"line":51,"column":9},"end":{"line":51,"column":17}},"loc":{"start":{"line":51,"column":19},"end":{"line":69,"column":1}},"line":51},"3":{"name":"findWord","decl":{"start":{"line":71,"column":9},"end":{"line":71,"column":17}},"loc":{"start":{"line":71,"column":19},"end":{"line":76,"column":1}},"line":71},"4":{"name":"findSentence","decl":{"start":{"line":78,"column":9},"end":{"line":78,"column":21}},"loc":{"start":{"line":78,"column":23},"end":{"line":83,"column":1}},"line":78},"5":{"name":"lookForTranslation","decl":{"start":{"line":85,"column":9},"end":{"line":85,"column":27}},"loc":{"start":{"line":85,"column":29},"end":{"line":92,"column":1}},"line":85},"6":{"name":"translateAndPrint","decl":{"start":{"line":95,"column":9},"end":{"line":95,"column":26}},"loc":{"start":{"line":95,"column":31},"end":{"line":109,"column":1}},"line":95},"7":{"name":"pattern","decl":{"start":{"line":112,"column":9},"end":{"line":112,"column":16}},"loc":{"start":{"line":112,"column":39},"end":{"line":119,"column":1}},"line":112}},"branchMap":{"0":{"loc":{"start":{"line":33,"column":12},"end":{"line":34,"column":27}},"type":"if","locations":[{"start":{"line":33,"column":12},"end":{"line":34,"column":27}},{"start":{},"end":{}}],"line":33},"1":{"loc":{"start":{"line":36,"column":12},"end":{"line":37,"column":31}},"type":"if","locations":[{"start":{"line":36,"column":12},"end":{"line":37,"column":31}},{"start":{},"end":{}}],"line":36},"2":{"loc":{"start":{"line":39,"column":12},"end":{"line":40,"column":27}},"type":"if","locations":[{"start":{"line":39,"column":12},"end":{"line":40,"column":27}},{"start":{},"end":{}}],"line":39},"3":{"loc":{"start":{"line":55,"column":8},"end":{"line":60,"column":9}},"type":"if","locations":[{"start":{"line":55,"column":8},"end":{"line":60,"column":9}},{"start":{},"end":{}}],"line":55},"4":{"loc":{"start":{"line":63,"column":4},"end":{"line":68,"column":5}},"type":"if","locations":[{"start":{"line":63,"column":4},"end":{"line":68,"column":5}},{"start":{"line":66,"column":8},"end":{"line":68,"column":5}}],"line":63},"5":{"loc":{"start":{"line":73,"column":4},"end":{"line":75,"column":5}},"type":"if","locations":[{"start":{"line":73,"column":4},"end":{"line":75,"column":5}},{"start":{},"end":{}}],"line":73},"6":{"loc":{"start":{"line":80,"column":4},"end":{"line":82,"column":5}},"type":"if","locations":[{"start":{"line":80,"column":4},"end":{"line":82,"column":5}},{"start":{},"end":{}}],"line":80},"7":{"loc":{"start":{"line":87,"column":4},"end":{"line":91,"column":5}},"type":"if","locations":[{"start":{"line":87,"column":4},"end":{"line":91,"column":5}},{"start":{},"end":{}}],"line":87},"8":{"loc":{"start":{"line":98,"column":8},"end":{"line":103,"column":9}},"type":"if","locations":[{"start":{"line":98,"column":8},"end":{"line":103,"column":9}},{"start":{"line":101,"column":12},"end":{"line":103,"column":9}}],"line":98},"9":{"loc":{"start":{"line":113,"column":4},"end":{"line":118,"column":5}},"type":"if","locations":[{"start":{"line":113,"column":4},"end":{"line":118,"column":5}},{"start":{"line":116,"column":8},"end":{"line":118,"column":5}}],"line":113}},"s":{"0":1,"1":1,"2":1,"3":1,"4":1,"5":1,"6":1,"7":1,"8":1,"9":1,"10":1,"11":1,"12":6,"13":0,"14":0,"15":0,"16":0,"17":0,"18":0,"19":0,"20":0,"21":0,"22":0,"23":0,"24":0,"25":0,"26":0,"27":0,"28":0,"29":0,"30":0,"31":0,"32":0,"33":0,"34":0,"35":0,"36":0,"37":0,"38":0,"39":0,"40":0,"41":0,"42":0,"43":0,"44":0,"45":0,"46":0,"47":0,"48":0,"49":0,"50":2,"51":1,"52":1,"53":1},"f":{"0":6,"1":0,"2":0,"3":0,"4":0,"5":0,"6":0,"7":2},"b":{"0":[0,0],"1":[0,0],"2":[0,0],"3":[0,0],"4":[0,0],"5":[0,0],"6":[0,0],"7":[0,0],"8":[0,0],"9":[1,1]},"_coverageSchema":"1a1c01bbd47fc00a2c39e90264f33305004495a9","hash":"47e552c4e4cbdd65ce83ccfbfc3b60891530d472"}
,"/Users/mac/Documents/NodeJSProject/TakeHomeAssesment/speaker_utils.js": {"path":"/Users/mac/Documents/NodeJSProject/TakeHomeAssesment/speaker_utils.js","statementMap":{"0":{"start":{"line":1,"column":22},"end":{"line":1,"column":52}},"1":{"start":{"line":4,"column":22},"end":{"line":4,"column":27}},"2":{"start":{"line":6,"column":4},"end":{"line":11,"column":5}},"3":{"start":{"line":7,"column":8},"end":{"line":10,"column":9}},"4":{"start":{"line":8,"column":12},"end":{"line":8,"column":27}},"5":{"start":{"line":9,"column":12},"end":{"line":9,"column":18}},"6":{"start":{"line":13,"column":4},"end":{"line":16,"column":38}},"7":{"start":{"line":14,"column":8},"end":{"line":14,"column":19}},"8":{"start":{"line":16,"column":8},"end":{"line":16,"column":38}},"9":{"start":{"line":20,"column":0},"end":{"line":22,"column":1}},"10":{"start":{"line":21,"column":4},"end":{"line":21,"column":45}},"11":{"start":{"line":24,"column":0},"end":{"line":26,"column":1}},"12":{"start":{"line":25,"column":4},"end":{"line":25,"column":39}},"13":{"start":{"line":28,"column":0},"end":{"line":30,"column":1}},"14":{"start":{"line":29,"column":4},"end":{"line":29,"column":48}},"15":{"start":{"line":32,"column":0},"end":{"line":34,"column":1}},"16":{"start":{"line":33,"column":4},"end":{"line":33,"column":45}},"17":{"start":{"line":35,"column":0},"end":{"line":37,"column":1}},"18":{"start":{"line":36,"column":4},"end":{"line":36,"column":40}},"19":{"start":{"line":38,"column":0},"end":{"line":40,"column":1}},"20":{"start":{"line":39,"column":4},"end":{"line":39,"column":40}},"21":{"start":{"line":41,"column":0},"end":{"line":43,"column":1}},"22":{"start":{"line":42,"column":4},"end":{"line":42,"column":40}},"23":{"start":{"line":44,"column":0},"end":{"line":46,"column":1}},"24":{"start":{"line":45,"column":4},"end":{"line":45,"column":40}},"25":{"start":{"line":48,"column":0},"end":{"line":50,"column":1}},"26":{"start":{"line":49,"column":4},"end":{"line":49,"column":39}},"27":{"start":{"line":52,"column":0},"end":{"line":55,"column":1}},"28":{"start":{"line":53,"column":4},"end":{"line":53,"column":35}}},"fnMap":{"0":{"name":"validWord","decl":{"start":{"line":3,"column":9},"end":{"line":3,"column":18}},"loc":{"start":{"line":3,"column":24},"end":{"line":18,"column":1}},"line":3},"1":{"name":"(anonymous_1)","decl":{"start":{"line":20,"column":15},"end":{"line":20,"column":16}},"loc":{"start":{"line":20,"column":21},"end":{"line":22,"column":1}},"line":20},"2":{"name":"(anonymous_2)","decl":{"start":{"line":24,"column":15},"end":{"line":24,"column":16}},"loc":{"start":{"line":24,"column":21},"end":{"line":26,"column":1}},"line":24},"3":{"name":"(anonymous_3)","decl":{"start":{"line":28,"column":16},"end":{"line":28,"column":17}},"loc":{"start":{"line":28,"column":23},"end":{"line":30,"column":1}},"line":28},"4":{"name":"(anonymous_4)","decl":{"start":{"line":32,"column":21},"end":{"line":32,"column":22}},"loc":{"start":{"line":32,"column":28},"end":{"line":34,"column":1}},"line":32},"5":{"name":"(anonymous_5)","decl":{"start":{"line":35,"column":15},"end":{"line":35,"column":16}},"loc":{"start":{"line":35,"column":22},"end":{"line":37,"column":1}},"line":35},"6":{"name":"(anonymous_6)","decl":{"start":{"line":38,"column":15},"end":{"line":38,"column":16}},"loc":{"start":{"line":38,"column":22},"end":{"line":40,"column":1}},"line":38},"7":{"name":"(anonymous_7)","decl":{"start":{"line":41,"column":12},"end":{"line":41,"column":13}},"loc":{"start":{"line":41,"column":19},"end":{"line":43,"column":1}},"line":41},"8":{"name":"(anonymous_8)","decl":{"start":{"line":44,"column":14},"end":{"line":44,"column":15}},"loc":{"start":{"line":44,"column":21},"end":{"line":46,"column":1}},"line":44},"9":{"name":"(anonymous_9)","decl":{"start":{"line":48,"column":18},"end":{"line":48,"column":19}},"loc":{"start":{"line":48,"column":24},"end":{"line":50,"column":1}},"line":48},"10":{"name":"(anonymous_10)","decl":{"start":{"line":52,"column":22},"end":{"line":52,"column":23}},"loc":{"start":{"line":52,"column":28},"end":{"line":55,"column":1}},"line":52}},"branchMap":{"0":{"loc":{"start":{"line":7,"column":8},"end":{"line":10,"column":9}},"type":"if","locations":[{"start":{"line":7,"column":8},"end":{"line":10,"column":9}},{"start":{},"end":{}}],"line":7},"1":{"loc":{"start":{"line":13,"column":4},"end":{"line":16,"column":38}},"type":"if","locations":[{"start":{"line":13,"column":4},"end":{"line":16,"column":38}},{"start":{"line":16,"column":8},"end":{"line":16,"column":38}}],"line":13}},"s":{"0":1,"1":10,"2":10,"3":10,"4":10,"5":10,"6":10,"7":10,"8":0,"9":1,"10":1,"11":1,"12":1,"13":1,"14":1,"15":1,"16":1,"17":1,"18":1,"19":1,"20":1,"21":1,"22":1,"23":1,"24":1,"25":1,"26":1,"27":1,"28":1},"f":{"0":10,"1":1,"2":1,"3":1,"4":1,"5":1,"6":1,"7":1,"8":1,"9":1,"10":1},"b":{"0":[10,0],"1":[10,0]},"_coverageSchema":"1a1c01bbd47fc00a2c39e90264f33305004495a9","hash":"46d351e750d3e4358d74b48a4b943027defe5334"}
}
